g:\includes\imgui-1.81\examples\example_glfw_opengl3\debug\vc142.pdb
g:\includes\imgui-1.81\examples\example_glfw_opengl3\debug\vc142.idb
g:\includes\imgui-1.81\examples\example_glfw_opengl3\debug\node.obj
g:\includes\imgui-1.81\examples\example_glfw_opengl3\debug\imnodes.obj
g:\includes\imgui-1.81\examples\example_glfw_opengl3\debug\main.obj
g:\includes\imgui-1.81\examples\example_glfw_opengl3\debug\imgui_impl_opengl3.obj
g:\includes\imgui-1.81\examples\example_glfw_opengl3\debug\imgui_impl_glfw.obj
g:\includes\imgui-1.81\examples\example_glfw_opengl3\debug\imgui_widgets.obj
g:\includes\imgui-1.81\examples\example_glfw_opengl3\debug\imgui_tables.obj
g:\includes\imgui-1.81\examples\example_glfw_opengl3\debug\imgui_draw.obj
g:\includes\imgui-1.81\examples\example_glfw_opengl3\debug\imgui_demo.obj
g:\includes\imgui-1.81\examples\example_glfw_opengl3\debug\imgui.obj
g:\includes\imgui-1.81\examples\example_glfw_opengl3\debug\gl3w.obj
g:\includes\imgui-1.81\examples\example_glfw_opengl3\debug\masters.pdb
g:\includes\imgui-1.81\examples\example_glfw_opengl3\debug\masters.tlog\cl.command.1.tlog
g:\includes\imgui-1.81\examples\example_glfw_opengl3\debug\masters.tlog\cl.read.1.tlog
g:\includes\imgui-1.81\examples\example_glfw_opengl3\debug\masters.tlog\cl.write.1.tlog
g:\includes\imgui-1.81\examples\example_glfw_opengl3\debug\masters.tlog\link-cvtres.read.1.tlog
g:\includes\imgui-1.81\examples\example_glfw_opengl3\debug\masters.tlog\link-cvtres.write.1.tlog
g:\includes\imgui-1.81\examples\example_glfw_opengl3\debug\masters.tlog\link-rc.read.1.tlog
g:\includes\imgui-1.81\examples\example_glfw_opengl3\debug\masters.tlog\link-rc.write.1.tlog
g:\includes\imgui-1.81\examples\example_glfw_opengl3\debug\masters.tlog\link.command.1.tlog
g:\includes\imgui-1.81\examples\example_glfw_opengl3\debug\masters.tlog\link.read.1.tlog
g:\includes\imgui-1.81\examples\example_glfw_opengl3\debug\masters.tlog\link.write.1.tlog
